============================= test session starts ==============================
platform darwin -- Python 3.11.7, pytest-9.0.2, pluggy-1.6.0
rootdir: /Users/wangchaoqun/new-build-novaic/novaic-agent-runtime
configfile: pytest.ini
plugins: anyio-4.12.1, cov-4.1.0, asyncio-1.3.0, mock-3.12.0, langsmith-0.3.42
asyncio: mode=Mode.STRICT, debug=False, asyncio_default_fixture_loop_scope=None, asyncio_default_test_loop_scope=function
collected 47 items

tests/test_queue_explicit_dependencies.py ..                             [  4%]
tests/unit/task_queue/test_dedup_guard_failure_path.py .                 [  6%]
tests/unit/task_queue/test_factory_client_multimodal.py .                [  8%]
tests/unit/task_queue/test_high_concurrency_retry_replay.py ..           [ 12%]
tests/unit/task_queue/test_no_historical_tool_image_injection.py ....... [ 27%]
....                                                                     [ 36%]
tests/unit/task_queue/test_retry_policy_and_idempotency.py ...           [ 42%]
tests/unit/task_queue/test_saga_worker_boundary.py ...                   [ 48%]
tests/unit/task_queue/test_shell_output_contract.py ......               [ 61%]
tests/unit/task_queue/test_tool_handlers_display_chat_history.py ....    [ 70%]
tests/unit/task_queue/test_tool_handlers_failure_event.py ...            [ 76%]
tests/unit/task_queue/test_tool_output_contract.py .......               [ 91%]
tests/unit/task_queue/test_user_content.py ....                          [100%]

============================== 47 passed in 0.19s ==============================
