============================= test session starts ==============================
platform darwin -- Python 3.11.7, pytest-9.0.2, pluggy-1.6.0
rootdir: /Users/wangchaoqun/new-build-novaic/novaic-agent-runtime
configfile: pytest.ini
plugins: anyio-4.12.1, cov-4.1.0, asyncio-1.3.0, mock-3.12.0, langsmith-0.3.42
asyncio: mode=Mode.STRICT, debug=False, asyncio_default_fixture_loop_scope=None, asyncio_default_test_loop_scope=function
collected 247 items

tests/test_finalize_summary_boundary.py ...                              [  1%]
tests/test_health_dispatch.py .......                                    [  4%]
tests/test_pr233_active_inbox_dispatch.py ........                       [  7%]
tests/test_pr235_session_ledger.py .....                                 [  9%]
tests/test_pr236_session_fsm_decision.py ..                              [ 10%]
tests/test_pr237_session_outbox_observe.py ..                            [ 10%]
tests/test_pr245_suspected_dead_recovery.py .....                        [ 12%]
tests/test_pr247_recovery_outbox_cutover.py .........                    [ 16%]
tests/test_pr248_attach_outbox_cutover.py ....                           [ 18%]
tests/test_pr249_observed_wake_outbox_cleanup.py ....                    [ 19%]
tests/test_pr251_wake_creation_outbox_cutover.py .......                 [ 22%]
tests/test_pr252_session_state_ssot.py ...                               [ 23%]
tests/test_pr253_dispatch_pure_fsm_cutover.py ..                         [ 24%]
tests/test_pr254_finalize_ownership.py ...........                       [ 29%]
tests/test_pr257_remove_active_sessions_table.py ...                     [ 30%]
tests/test_pr259_generic_fsm_store_outbox.py .......                     [ 33%]
tests/test_pr260_session_harness_generic_fsm_cutover.py ....             [ 34%]
tests/test_pr263_session_pending_projection_boundary.py ....             [ 36%]
tests/test_pr264_session_finalize_fsm_boundary.py .....                  [ 38%]
tests/test_pr265_session_restart_context_boundary.py ...                 [ 39%]
tests/test_pr266_session_recovery_boundary.py .......                    [ 42%]
tests/test_pr267_session_outbox_effect_boundary.py ............          [ 47%]
tests/test_pr268_session_input_ledger_boundary.py ...                    [ 48%]
tests/test_pr269_session_pending_projection_ledger_boundary.py ...       [ 49%]
tests/test_pr270_session_finalize_ledger_boundary.py ...                 [ 51%]
tests/test_pr271_session_attach_flow_consolidation.py .                  [ 51%]
tests/test_pr272_session_active_state_ledger_boundary.py ..              [ 52%]
tests/test_pr273_session_harness_final_residue_guard.py ....             [ 53%]
tests/test_pr274_session_repository_orchestrator_residue_removal.py ..   [ 54%]
tests/test_pr275_session_repository_required_outbox_dispatcher.py .      [ 55%]
tests/test_pr276_session_repository_required_ledger.py .                 [ 55%]
tests/test_pr277_session_outbox_required_saga_orchestrator.py ..         [ 56%]
tests/test_pr279_session_rebuild_projector_boundary.py ..........        [ 60%]
tests/test_pr280_session_wake_plan_boundary.py ...                       [ 61%]
tests/test_pr281_session_outbox_wrapper_boundary.py ..                   [ 62%]
tests/test_pr282_session_decision_trace_boundary.py ..                   [ 63%]
tests/test_pr283_session_state_taxonomy.py .........                     [ 66%]
tests/test_pr284_session_event_vocabulary.py ......                      [ 69%]
tests/test_pr285_session_fsm_decision_contract.py ....                   [ 70%]
tests/test_pr286a_session_outbox_worker.py .....                         [ 72%]
tests/test_pr288_session_observed_event_handler.py ....                  [ 74%]
tests/test_pr290a_session_transition_write_hard_fail.py .                [ 74%]
tests/test_pr293_session_return_contract.py ...                          [ 76%]
tests/test_pr295_session_audit_tooling.py ..                             [ 76%]
tests/test_pr302_session_outbox_worker_production_wiring.py ...          [ 78%]
tests/test_pr311_saga_compensation_outbox_cutover.py ..........          [ 82%]
tests/test_pr326_session_outbox_generic_worker.py ..                     [ 82%]
tests/test_pr327_saga_outbox_generic_worker.py .....                     [ 85%]
tests/test_pr345_recovery_background_defer.py ...                        [ 86%]
tests/test_pr48_turn_finalizer.py ....................                   [ 94%]
tests/test_scheduler_dispatch.py ....                                    [ 95%]
tests/test_session_init_message_ids.py ..........                        [100%]

============================= 247 passed in 1.37s ==============================
