============================= test session starts ==============================
platform darwin -- Python 3.11.7, pytest-9.0.2, pluggy-1.6.0
rootdir: /Users/wangchaoqun/new-build-novaic/novaic-agent-runtime
configfile: pytest.ini
plugins: anyio-4.12.1, cov-4.1.0, asyncio-1.3.0, mock-3.12.0, langsmith-0.3.42
asyncio: mode=Mode.STRICT, debug=False, asyncio_default_fixture_loop_scope=None, asyncio_default_test_loop_scope=function
collected 247 items

tests/test_finalize_summary_boundary.py ...                              [  1%]
tests/test_health_dispatch.py .......                                    [  4%]
tests/test_pr233_active_inbox_dispatch.py ......F.                       [  7%]
tests/test_pr235_session_ledger.py .....                                 [  9%]
tests/test_pr236_session_fsm_decision.py ..                              [ 10%]
tests/test_pr237_session_outbox_observe.py F.                            [ 10%]
tests/test_pr245_suspected_dead_recovery.py .....                        [ 12%]
tests/test_pr247_recovery_outbox_cutover.py .........                    [ 16%]
tests/test_pr248_attach_outbox_cutover.py ....                           [ 18%]
tests/test_pr249_observed_wake_outbox_cleanup.py ....                    [ 19%]
tests/test_pr251_wake_creation_outbox_cutover.py .......                 [ 22%]
tests/test_pr252_session_state_ssot.py ...                               [ 23%]
tests/test_pr253_dispatch_pure_fsm_cutover.py ..                         [ 24%]
tests/test_pr254_finalize_ownership.py ...........                       [ 29%]
tests/test_pr257_remove_active_sessions_table.py ...                     [ 30%]
tests/test_pr259_generic_fsm_store_outbox.py .......                     [ 33%]
tests/test_pr260_session_harness_generic_fsm_cutover.py ....             [ 34%]
tests/test_pr263_session_pending_projection_boundary.py ....             [ 36%]
tests/test_pr264_session_finalize_fsm_boundary.py .....                  [ 38%]
tests/test_pr265_session_restart_context_boundary.py ...                 [ 39%]
tests/test_pr266_session_recovery_boundary.py .......                    [ 42%]
tests/test_pr267_session_outbox_effect_boundary.py ............          [ 47%]
tests/test_pr268_session_input_ledger_boundary.py ...                    [ 48%]
tests/test_pr269_session_pending_projection_ledger_boundary.py ...       [ 49%]
tests/test_pr270_session_finalize_ledger_boundary.py ...                 [ 51%]
tests/test_pr271_session_attach_flow_consolidation.py .                  [ 51%]
tests/test_pr272_session_active_state_ledger_boundary.py ..              [ 52%]
tests/test_pr273_session_harness_final_residue_guard.py ....             [ 53%]
tests/test_pr274_session_repository_orchestrator_residue_removal.py ..   [ 54%]
tests/test_pr275_session_repository_required_outbox_dispatcher.py .      [ 55%]
tests/test_pr276_session_repository_required_ledger.py .                 [ 55%]
tests/test_pr277_session_outbox_required_saga_orchestrator.py ..         [ 56%]
tests/test_pr279_session_rebuild_projector_boundary.py ..........        [ 60%]
tests/test_pr280_session_wake_plan_boundary.py ...                       [ 61%]
tests/test_pr281_session_outbox_wrapper_boundary.py F.                   [ 62%]
tests/test_pr282_session_decision_trace_boundary.py ..                   [ 63%]
tests/test_pr283_session_state_taxonomy.py .........                     [ 66%]
tests/test_pr284_session_event_vocabulary.py ......                      [ 69%]
tests/test_pr285_session_fsm_decision_contract.py ....                   [ 70%]
tests/test_pr286a_session_outbox_worker.py .....                         [ 72%]
tests/test_pr288_session_observed_event_handler.py ....                  [ 74%]
tests/test_pr290a_session_transition_write_hard_fail.py .                [ 74%]
tests/test_pr293_session_return_contract.py ...                          [ 76%]
tests/test_pr295_session_audit_tooling.py ..                             [ 76%]
tests/test_pr302_session_outbox_worker_production_wiring.py ...          [ 78%]
tests/test_pr311_saga_compensation_outbox_cutover.py ..........          [ 82%]
tests/test_pr326_session_outbox_generic_worker.py ..                     [ 82%]
tests/test_pr327_saga_outbox_generic_worker.py .....                     [ 85%]
tests/test_pr345_recovery_background_defer.py ...                        [ 86%]
tests/test_pr48_turn_finalizer.py ....................                   [ 94%]
tests/test_scheduler_dispatch.py ....                                    [ 95%]
tests/test_session_init_message_ids.py ..........                        [100%]

=================================== FAILURES ===================================
___________ test_wake_finalize_failure_records_suspected_dead_event ____________

tmp_path = PosixPath('/private/var/folders/n3/_7qrtb716jg07p9d71216l3m0000gn/T/pytest-of-wangchaoqun/pytest-1287/test_wake_finalize_failure_rec0')

    def test_wake_finalize_failure_records_suspected_dead_event(tmp_path):
        repo, orchestrator, db = _repo(tmp_path)
        first = repo.dispatch(
            agent_id="agent-1",
            subagent_id="main",
            user_id="user-1",
            trigger_type="user_message",
            metadata={"message_ids": ["m1"]},
        )
        _drain_wake(repo)
    
        finalize_saga_id = orchestrator.create(
            "wake_finalize",
            {
                "scope_id": first["scope_id"],
                "agent_id": "agent-1",
                "subagent_id": "main",
                "user_id": "user-1",
                "finalize_reason": "stack_empty",
            },
            idempotency_key="finalize-old-wake",
        )
    
        orchestrator.mark_failed(finalize_saga_id, "cortex scope_end failed")
        assert orchestrator.drain_pending_effects() == {
            "published": 1,
            "failed": 0,
            "dead_letter": 0,
        }
    
        active = repo.get_active_session("agent-1:main")
        assert active is not None
        assert active["scope_id"] == first["scope_id"]
    
        cursor = db.execute(
            """
            SELECT payload, idempotency_key
            FROM tq_session_events
            WHERE session_key = ?
              AND event_type = 'session_suspected_dead'
            """,
            ("agent-1:main",),
        )
        suspected_event = cursor.fetchone()
        cursor.close()
        assert suspected_event is not None
        suspected_payload = json.loads(suspected_event[0])
        assert suspected_payload["failed_scope_id"] == first["scope_id"]
        assert suspected_payload["failed_saga_id"] == finalize_saga_id
        assert suspected_payload["reason"] == "wake_finalize_failed"
        assert suspected_event[1] == f"suspected:agent-1:main:{finalize_saga_id}"
    
        cursor = db.execute(
            "SELECT topic, payload, idempotency_key FROM tq_tasks WHERE topic = ?",
            ("cortex.scope_end",),
        )
        archive_task = cursor.fetchone()
        cursor.close()
        assert archive_task is None
    
        recovered = repo.dispatch(
            agent_id="agent-1",
            subagent_id="main",
            user_id="user-1",
            trigger_type="user_message",
            metadata={"message_ids": ["m2"]},
        )
    
        assert recovered["action"] == "wake_start_queued"
        _drain_wake(repo, all_effects=True)
        saga = orchestrator.get(repo.get_active_session("agent-1:main")["saga_id"])
        assert saga["context"]["trigger_type"] == "recovered"
        assert saga["context"]["message_ids"] == ["m2"]
        assert saga["context"]["original_trigger_type"] == "user_message"
        assert saga["context"]["recovery_from_scope_id"] == first["scope_id"]
        assert saga["context"]["recovery_suspected_dead_event_id"]
        assert saga["context"]["force_archive_required"] is True
    
        cursor = db.execute(
            "SELECT topic, payload, idempotency_key FROM tq_tasks WHERE topic = ?",
            ("cortex.scope_end",),
        )
        archive_task = cursor.fetchone()
        cursor.close()
        assert archive_task is not None
        assert archive_task[2] == f"recovery-cortex-scope-end:{first['scope_id']}"
        archive_payload = json.loads(archive_task[1])
        assert archive_payload["scope_id"] == first["scope_id"]
        assert archive_payload["finalize_reason"] == "recovery:wake_finalize_failed"
>       assert archive_payload["remaining_stack"] == {
            "known": True,
            "depth": 0,
            "frames": [],
        }
E       AssertionError: assert {'depth': 0, ...known': False} == {'depth': 0, ...'known': True}
E         
E         Omitting 2 identical items, use -vv to show
E         Differing items:
E         {'known': False} != {'known': True}
E         Use -v to get more diff

tests/test_pr233_active_inbox_dispatch.py:282: AssertionError
_____ test_outbox_records_start_and_published_attach_effects_after_cutover _____

tmp_path = PosixPath('/private/var/folders/n3/_7qrtb716jg07p9d71216l3m0000gn/T/pytest-of-wangchaoqun/pytest-1287/test_outbox_records_start_and_0')

    def test_outbox_records_start_and_published_attach_effects_after_cutover(tmp_path):
        repo, ledger, _orchestrator, db = _repo_with_ledger(tmp_path)
        session_key = "agent-1:main"
    
        started = repo.dispatch(
            agent_id="agent-1",
            subagent_id="main",
            user_id="user-1",
            trigger_type="user_message",
            metadata={"message_ids": ["m1"]},
        )
        _drain_wake(repo)
        attached = repo.dispatch(
            agent_id="agent-1",
            subagent_id="main",
            user_id="user-1",
            trigger_type="user_message",
            metadata={"message_ids": ["m2"]},
        )
    
        assert started["action"] == "wake_start_queued"
        assert attached["action"] == "attached_to_active"
    
        outbox = ledger.list_outbox(session_key)
        assert [effect["effect_type"] for effect in outbox] == [
            SessionOutboxDispatcher.CREATE_WAKE_SAGA,
            SessionOutboxDispatcher.PUBLISH_ATTACH_INPUT,
        ]
>       assert [effect["status"] for effect in outbox] == ["published", "published"]
E       AssertionError: assert ['published', 'pending'] == ['published', 'published']
E         
E         At index 1 diff: 'pending' != 'published'
E         Use -v to get more diff

tests/test_pr237_session_outbox_observe.py:90: AssertionError
_____ test_session_repository_no_longer_owns_outbox_append_publish_helpers _____

    def test_session_repository_no_longer_owns_outbox_append_publish_helpers():
        source = Path("queue_service/session_repo.py").read_text(encoding="utf-8")
    
        assert "_append_session_outbox_after_transaction" not in source
        assert "_publish_session_outbox_effect" not in source
        assert "_publish_wake_creation_outbox_effect" not in source
        assert ".append_effect(" not in source
        assert ".publish_wake_creation_effect(" not in source
        assert ".publish_attach_input_effect(" not in source
        assert "outbox_effects: list[Dict[str, Any]] = [wake_plan.outbox_effect]" in source
        assert '"outbox_effects": outbox_effects' in source
        assert "outbox_effect=restart_plan.outbox_effect" in source
        assert "del require_outbox" not in source
        assert "required session transition outbox effect is missing" in source
>       assert source.count("require_outbox=True") == 2
E       assert 1 == 2
E        +  where 1 = <built-in method count of str object at 0x128100000>('require_outbox=True')
E        +    where <built-in method count of str object at 0x128100000> = '"""\nSession Coordinator — dispatch + session lifecycle for Queue Service\n\nGuarantees:\n- At most one active sessio...edger\n        with self.db.transaction(lock_type="global"):\n            return ledger.next_generation(session_key)\n'.count

tests/test_pr281_session_outbox_wrapper_boundary.py:18: AssertionError
=========================== short test summary info ============================
FAILED tests/test_pr233_active_inbox_dispatch.py::test_wake_finalize_failure_records_suspected_dead_event
FAILED tests/test_pr237_session_outbox_observe.py::test_outbox_records_start_and_published_attach_effects_after_cutover
FAILED tests/test_pr281_session_outbox_wrapper_boundary.py::test_session_repository_no_longer_owns_outbox_append_publish_helpers
======================== 3 failed, 244 passed in 1.29s =========================
